[0.060s] DEBUG:colcon:Command line arguments: ['/usr/bin/colcon', 'list', '-p', '--base-paths', '/home/tejas/map_ws/src/m-explore-ros2', '--log-base', '/dev/null']
[0.060s] DEBUG:colcon:Parsed command line arguments: Namespace(log_base=None, log_level=None, verb_name='list', build_base='build', ignore_user_meta=False, metas=['./colcon.meta'], base_paths=['/home/tejas/map_ws/src/m-explore-ros2', '--log-base', '/dev/null'], packages_ignore=None, packages_ignore_regex=None, paths=None, packages_up_to=None, packages_up_to_regex=None, packages_above=None, packages_above_and_dependencies=None, packages_above_depth=None, packages_select_by_dep=None, packages_skip_by_dep=None, packages_skip_up_to=None, packages_select_build_failed=False, packages_skip_build_finished=False, packages_select_test_failures=False, packages_skip_test_passed=False, packages_select=None, packages_skip=None, packages_select_regex=None, packages_skip_regex=None, packages_start=None, packages_end=None, allow_overriding=[], topological_order=False, names_only=False, paths_only=True, topological_graph=False, topological_graph_dot=False, topological_graph_density=False, topological_graph_legend=False, topological_graph_dot_cluster=False, topological_graph_dot_include_skipped=False, mixin_files=None, mixin=None, verb_parser=<colcon_mixin.mixin.mixin_argument.MixinArgumentDecorator object at 0x7e1e9daa3e60>, verb_extension=<colcon_package_information.verb.list.ListVerb object at 0x7e1e9dbcba10>, main=<bound method ListVerb.main of <colcon_package_information.verb.list.ListVerb object at 0x7e1e9dbcba10>>, mixin_verb=('list',))
[0.083s] Level 1:colcon.colcon_core.package_discovery:discover_packages(colcon_meta) check parameters
[0.083s] Level 1:colcon.colcon_core.package_discovery:discover_packages(recursive) check parameters
[0.083s] Level 1:colcon.colcon_core.package_discovery:discover_packages(ignore) check parameters
[0.083s] Level 1:colcon.colcon_core.package_discovery:discover_packages(path) check parameters
[0.083s] Level 1:colcon.colcon_core.package_discovery:discover_packages(recursive) discover
[0.083s] INFO:colcon.colcon_core.package_discovery:Crawling recursively for packages in '/home/tejas/map_ws/src/m-explore-ros2', '/home/tejas/map_ws/src/m-explore-ros2/--log-base', '/dev/null'
[0.083s] Level 1:colcon.colcon_core.package_identification:_identify(/home/tejas/map_ws/src/m-explore-ros2) by extensions ['ignore', 'ignore_ament_install']
[0.084s] Level 1:colcon.colcon_core.package_identification:_identify(/home/tejas/map_ws/src/m-explore-ros2) by extension 'ignore'
[0.084s] Level 1:colcon.colcon_core.package_identification:_identify(/home/tejas/map_ws/src/m-explore-ros2) by extension 'ignore_ament_install'
[0.084s] Level 1:colcon.colcon_core.package_identification:_identify(/home/tejas/map_ws/src/m-explore-ros2) by extensions ['colcon_pkg']
[0.084s] Level 1:colcon.colcon_core.package_identification:_identify(/home/tejas/map_ws/src/m-explore-ros2) by extension 'colcon_pkg'
[0.084s] Level 1:colcon.colcon_core.package_identification:_identify(/home/tejas/map_ws/src/m-explore-ros2) by extensions ['colcon_meta']
[0.084s] Level 1:colcon.colcon_core.package_identification:_identify(/home/tejas/map_ws/src/m-explore-ros2) by extension 'colcon_meta'
[0.084s] Level 1:colcon.colcon_core.package_identification:_identify(/home/tejas/map_ws/src/m-explore-ros2) by extensions ['ros']
[0.084s] Level 1:colcon.colcon_core.package_identification:_identify(/home/tejas/map_ws/src/m-explore-ros2) by extension 'ros'
[0.099s] Level 1:colcon.colcon_core.package_identification:_identify(/home/tejas/map_ws/src/m-explore-ros2) by extensions ['cmake', 'python']
[0.099s] Level 1:colcon.colcon_core.package_identification:_identify(/home/tejas/map_ws/src/m-explore-ros2) by extension 'cmake'
[0.099s] Level 1:colcon.colcon_core.package_identification:_identify(/home/tejas/map_ws/src/m-explore-ros2) by extension 'python'
[0.099s] Level 1:colcon.colcon_core.package_identification:_identify(/home/tejas/map_ws/src/m-explore-ros2) by extensions ['python_setup_py']
[0.099s] Level 1:colcon.colcon_core.package_identification:_identify(/home/tejas/map_ws/src/m-explore-ros2) by extension 'python_setup_py'
[0.099s] Level 1:colcon.colcon_core.package_identification:_identify(/home/tejas/map_ws/src/m-explore-ros2/explore) by extensions ['ignore', 'ignore_ament_install']
[0.099s] Level 1:colcon.colcon_core.package_identification:_identify(/home/tejas/map_ws/src/m-explore-ros2/explore) by extension 'ignore'
[0.099s] Level 1:colcon.colcon_core.package_identification:_identify(/home/tejas/map_ws/src/m-explore-ros2/explore) by extension 'ignore_ament_install'
[0.099s] Level 1:colcon.colcon_core.package_identification:_identify(/home/tejas/map_ws/src/m-explore-ros2/explore) by extensions ['colcon_pkg']
[0.099s] Level 1:colcon.colcon_core.package_identification:_identify(/home/tejas/map_ws/src/m-explore-ros2/explore) by extension 'colcon_pkg'
[0.099s] Level 1:colcon.colcon_core.package_identification:_identify(/home/tejas/map_ws/src/m-explore-ros2/explore) by extensions ['colcon_meta']
[0.099s] Level 1:colcon.colcon_core.package_identification:_identify(/home/tejas/map_ws/src/m-explore-ros2/explore) by extension 'colcon_meta'
[0.099s] Level 1:colcon.colcon_core.package_identification:_identify(/home/tejas/map_ws/src/m-explore-ros2/explore) by extensions ['ros']
[0.099s] Level 1:colcon.colcon_core.package_identification:_identify(/home/tejas/map_ws/src/m-explore-ros2/explore) by extension 'ros'
[0.101s] DEBUG:colcon.colcon_core.package_identification:Package '/home/tejas/map_ws/src/m-explore-ros2/explore' with type 'ros.ament_cmake' and name 'explore_lite'
[0.101s] Level 1:colcon.colcon_core.package_identification:_identify(/home/tejas/map_ws/src/m-explore-ros2/log) by extensions ['ignore', 'ignore_ament_install']
[0.101s] Level 1:colcon.colcon_core.package_identification:_identify(/home/tejas/map_ws/src/m-explore-ros2/log) by extension 'ignore'
[0.101s] Level 1:colcon.colcon_core.package_identification:_identify(/home/tejas/map_ws/src/m-explore-ros2/log) ignored
[0.101s] Level 1:colcon.colcon_core.package_identification:_identify(/home/tejas/map_ws/src/m-explore-ros2/map_merge) by extensions ['ignore', 'ignore_ament_install']
[0.102s] Level 1:colcon.colcon_core.package_identification:_identify(/home/tejas/map_ws/src/m-explore-ros2/map_merge) by extension 'ignore'
[0.102s] Level 1:colcon.colcon_core.package_identification:_identify(/home/tejas/map_ws/src/m-explore-ros2/map_merge) by extension 'ignore_ament_install'
[0.102s] Level 1:colcon.colcon_core.package_identification:_identify(/home/tejas/map_ws/src/m-explore-ros2/map_merge) by extensions ['colcon_pkg']
[0.102s] Level 1:colcon.colcon_core.package_identification:_identify(/home/tejas/map_ws/src/m-explore-ros2/map_merge) by extension 'colcon_pkg'
[0.102s] Level 1:colcon.colcon_core.package_identification:_identify(/home/tejas/map_ws/src/m-explore-ros2/map_merge) by extensions ['colcon_meta']
[0.102s] Level 1:colcon.colcon_core.package_identification:_identify(/home/tejas/map_ws/src/m-explore-ros2/map_merge) by extension 'colcon_meta'
[0.102s] Level 1:colcon.colcon_core.package_identification:_identify(/home/tejas/map_ws/src/m-explore-ros2/map_merge) by extensions ['ros']
[0.102s] Level 1:colcon.colcon_core.package_identification:_identify(/home/tejas/map_ws/src/m-explore-ros2/map_merge) by extension 'ros'
[0.102s] DEBUG:colcon.colcon_core.package_identification:Package '/home/tejas/map_ws/src/m-explore-ros2/map_merge' with type 'ros.ament_cmake' and name 'multirobot_map_merge'
[0.102s] Level 1:colcon.colcon_core.package_discovery:discover_packages(recursive) using defaults
